<?xml version="1.0" encoding="UTF-8"?>
<testsuite xmlns:xsi="http://www.w3.org/2001/XMLSchema-instance" xsi:noNamespaceSchemaLocation="https://maven.apache.org/surefire/maven-surefire-plugin/xsd/surefire-test-report-3.0.xsd" version="3.0" name="com.example.springbatchdemo.OrderDataItemProcessorTest" time="0.019" tests="6" errors="0" skipped="0" failures="0">
  <properties>
[...]
</properties>
  <testcase name="shouldTransformValidRecord" classname="com.example.springbatchdemo.OrderDataItemProcessorTest" time="0.006"/>
  <testcase name="shouldReturnNullForMissingCustomerId" classname="com.example.springbatchdemo.OrderDataItemProcessorTest" time="0.001">
    <system-out><![CDATA[2026-02-22T12:19:21.480+05:30  WARN 45793 --- [springbatch-demo] [           main] c.e.s.job.OrderDataItemProcessor         : Skipping row: missing customer fields [id=null, name=John Doe, email=john@example.com]
]]></system-out>
  </testcase>
  <testcase name="shouldTrimAndUppercaseStatusFields" classname="com.example.springbatchdemo.OrderDataItemProcessorTest" time="0.001"/>
  <testcase name="shouldReturnNullForMissingOrderId" classname="com.example.springbatchdemo.OrderDataItemProcessorTest" time="0.002">
    <system-out><![CDATA[2026-02-22T12:19:21.484+05:30  WARN 45793 --- [springbatch-demo] [           main] c.e.s.job.OrderDataItemProcessor         : Skipping row: missing order fields [orderId=, date=2025-01-15, amount=250.00]
]]></system-out>
  </testcase>
  <testcase name="shouldReturnNullForInvalidDate" classname="com.example.springbatchdemo.OrderDataItemProcessorTest" time="0.002">
    <system-out><![CDATA[2026-02-22T12:19:21.487+05:30  WARN 45793 --- [springbatch-demo] [           main] c.e.s.job.OrderDataItemProcessor         : Skipping row: invalid order date 'not-a-date' for order ORD001
]]></system-out>
  </testcase>
  <testcase name="shouldReturnNullForMissingTransactionAmount" classname="com.example.springbatchdemo.OrderDataItemProcessorTest" time="0.001">
    <system-out><![CDATA[2026-02-22T12:19:21.489+05:30  WARN 45793 --- [springbatch-demo] [           main] c.e.s.job.OrderDataItemProcessor         : Skipping row: missing transaction fields [txnId=TXN001, amount=null]
]]></system-out>
  </testcase>
</testsuite>