<?xml version="1.0" encoding="UTF-8"?>
<testsuite xmlns:xsi="http://www.w3.org/2001/XMLSchema-instance" xsi:noNamespaceSchemaLocation="https://maven.apache.org/surefire/maven-surefire-plugin/xsd/surefire-test-report-3.0.xsd" version="3.0" name="com.example.springbatchdemo.OrderETLJobIntegrationTest" time="3.598" tests="2" errors="0" skipped="0" failures="0">
  <properties>
[...]
</properties>
  <testcase name="shouldCompleteJobAndPopulateAllTables" classname="com.example.springbatchdemo.OrderETLJobIntegrationTest" time="0.828">
    <system-out><![CDATA[Standard Commons Logging discovery in action with spring-jcl: please remove commons-logging.jar from classpath in order to avoid potential conflicts
12:19:18.054 [main] INFO org.springframework.test.context.support.AnnotationConfigContextLoaderUtils -- Could not detect default configuration classes for test class [com.example.springbatchdemo.OrderETLJobIntegrationTest]: OrderETLJobIntegrationTest does not declare any static, non-private, non-final, nested classes annotated with @Configuration.
12:19:18.162 [main] INFO org.springframework.boot.test.context.SpringBootTestContextBootstrapper -- Found @SpringBootConfiguration com.example.springbatchdemo.SpringBatchDemoApplication for test class com.example.springbatchdemo.OrderETLJobIntegrationTest

  .   ____          _            __ _ _
 /\\ / ___'_ __ _ _(_)_ __  __ _ \ \ \ \
( ( )\___ | '_ | '_| | '_ \/ _` | \ \ \ \
 \\/  ___)| |_)| | | | | || (_| |  ) ) ) )
  '  |____| .__|_| |_|_| |_\__, | / / / /
 =========|_|==============|___/=/_/_/_/
 :: Spring Boot ::                (v3.2.5)

2026-02-22T12:19:18.603+05:30  INFO 45793 --- [springbatch-demo] [           main] c.e.s.OrderETLJobIntegrationTest         : Starting OrderETLJobIntegrationTest using Java 17.0.2 with PID 45793 (started by AjayKumarK in /Volumes/Work/Workspace/springbatch-demo)
2026-02-22T12:19:18.604+05:30 DEBUG 45793 --- [springbatch-demo] [           main] c.e.s.OrderETLJobIntegrationTest         : Running with Spring Boot v3.2.5, Spring v6.1.6
2026-02-22T12:19:18.605+05:30  INFO 45793 --- [springbatch-demo] [           main] c.e.s.OrderETLJobIntegrationTest         : The following 1 profile is active: "test"
2026-02-22T12:19:19.443+05:30  WARN 45793 --- [springbatch-demo] [           main] trationDelegate$BeanPostProcessorChecker : Bean 'org.springframework.boot.autoconfigure.jdbc.DataSourceConfiguration$Hikari' of type [org.springframework.boot.autoconfigure.jdbc.DataSourceConfiguration$Hikari] is not eligible for getting processed by all BeanPostProcessors (for example: not eligible for auto-proxying). Is this bean getting eagerly injected into a currently created BeanPostProcessor [jobRegistryBeanPostProcessor]? Check the corresponding BeanPostProcessor declaration and its dependencies.
2026-02-22T12:19:19.464+05:30  WARN 45793 --- [springbatch-demo] [           main] trationDelegate$BeanPostProcessorChecker : Bean 'spring.datasource-org.springframework.boot.autoconfigure.jdbc.DataSourceProperties' of type [org.springframework.boot.autoconfigure.jdbc.DataSourceProperties] is not eligible for getting processed by all BeanPostProcessors (for example: not eligible for auto-proxying). Is this bean getting eagerly injected into a currently created BeanPostProcessor [jobRegistryBeanPostProcessor]? Check the corresponding BeanPostProcessor declaration and its dependencies.
2026-02-22T12:19:19.465+05:30  WARN 45793 --- [springbatch-demo] [           main] trationDelegate$BeanPostProcessorChecker : Bean 'org.springframework.boot.autoconfigure.jdbc.DataSourceAutoConfiguration$PooledDataSourceConfiguration' of type [org.springframework.boot.autoconfigure.jdbc.DataSourceAutoConfiguration$PooledDataSourceConfiguration] is not eligible for getting processed by all BeanPostProcessors (for example: not eligible for auto-proxying). Is this bean getting eagerly injected into a currently created BeanPostProcessor [jobRegistryBeanPostProcessor]? Check the corresponding BeanPostProcessor declaration and its dependencies.
2026-02-22T12:19:19.466+05:30  WARN 45793 --- [springbatch-demo] [           main] trationDelegate$BeanPostProcessorChecker : Bean 'jdbcConnectionDetails' of type [org.springframework.boot.autoconfigure.jdbc.PropertiesJdbcConnectionDetails] is not eligible for getting processed by all BeanPostProcessors (for example: not eligible for auto-proxying). Is this bean getting eagerly injected into a currently created BeanPostProcessor [jobRegistryBeanPostProcessor]? Check the corresponding BeanPostProcessor declaration and its dependencies.
2026-02-22T12:19:19.492+05:30  WARN 45793 --- [springbatch-demo] [           main] trationDelegate$BeanPostProcessorChecker : Bean 'dataSource' of type [com.zaxxer.hikari.HikariDataSource] is not eligible for getting processed by all BeanPostProcessors (for example: not eligible for auto-proxying). Is this bean getting eagerly injected into a currently created BeanPostProcessor [jobRegistryBeanPostProcessor]? Check the corresponding BeanPostProcessor declaration and its dependencies.
2026-02-22T12:19:19.497+05:30  WARN 45793 --- [springbatch-demo] [           main] trationDelegate$BeanPostProcessorChecker : Bean 'org.springframework.boot.autoconfigure.jdbc.DataSourceTransactionManagerAutoConfiguration$JdbcTransactionManagerConfiguration' of type [org.springframework.boot.autoconfigure.jdbc.DataSourceTransactionManagerAutoConfiguration$JdbcTransactionManagerConfiguration] is not eligible for getting processed by all BeanPostProcessors (for example: not eligible for auto-proxying). Is this bean getting eagerly injected into a currently created BeanPostProcessor [jobRegistryBeanPostProcessor]? Check the corresponding BeanPostProcessor declaration and its dependencies.
2026-02-22T12:19:19.503+05:30  WARN 45793 --- [springbatch-demo] [           main] trationDelegate$BeanPostProcessorChecker : Bean 'org.springframework.boot.autoconfigure.transaction.TransactionManagerCustomizationAutoConfiguration' of type [org.springframework.boot.autoconfigure.transaction.TransactionManagerCustomizationAutoConfiguration] is not eligible for getting processed by all BeanPostProcessors (for example: not eligible for auto-proxying). Is this bean getting eagerly injected into a currently created BeanPostProcessor [jobRegistryBeanPostProcessor]? Check the corresponding BeanPostProcessor declaration and its dependencies.
2026-02-22T12:19:19.506+05:30  WARN 45793 --- [springbatch-demo] [           main] trationDelegate$BeanPostProcessorChecker : Bean 'transactionExecutionListeners' of type [org.springframework.boot.autoconfigure.transaction.ExecutionListenersTransactionManagerCustomizer] is not eligible for getting processed by all BeanPostProcessors (for example: not eligible for auto-proxying). Is this bean getting eagerly injected into a currently created BeanPostProcessor [jobRegistryBeanPostProcessor]? Check the corresponding BeanPostProcessor declaration and its dependencies.
2026-02-22T12:19:19.510+05:30  WARN 45793 --- [springbatch-demo] [           main] trationDelegate$BeanPostProcessorChecker : Bean 'spring.transaction-org.springframework.boot.autoconfigure.transaction.TransactionProperties' of type [org.springframework.boot.autoconfigure.transaction.TransactionProperties] is not eligible for getting processed by all BeanPostProcessors (for example: not eligible for auto-proxying). Is this bean getting eagerly injected into a currently created BeanPostProcessor [jobRegistryBeanPostProcessor]? Check the corresponding BeanPostProcessor declaration and its dependencies.
2026-02-22T12:19:19.511+05:30  WARN 45793 --- [springbatch-demo] [           main] trationDelegate$BeanPostProcessorChecker : Bean 'platformTransactionManagerCustomizers' of type [org.springframework.boot.autoconfigure.transaction.TransactionManagerCustomizers] is not eligible for getting processed by all BeanPostProcessors (for example: not eligible for auto-proxying). Is this bean getting eagerly injected into a currently created BeanPostProcessor [jobRegistryBeanPostProcessor]? Check the corresponding BeanPostProcessor declaration and its dependencies.
2026-02-22T12:19:19.515+05:30  WARN 45793 --- [springbatch-demo] [           main] trationDelegate$BeanPostProcessorChecker : Bean 'transactionManager' of type [org.springframework.jdbc.support.JdbcTransactionManager] is not eligible for getting processed by all BeanPostProcessors (for example: not eligible for auto-proxying). Is this bean getting eagerly injected into a currently created BeanPostProcessor [jobRegistryBeanPostProcessor]? Check the corresponding BeanPostProcessor declaration and its dependencies.
2026-02-22T12:19:19.525+05:30  WARN 45793 --- [springbatch-demo] [           main] trationDelegate$BeanPostProcessorChecker : Bean 'spring.batch-org.springframework.boot.autoconfigure.batch.BatchProperties' of type [org.springframework.boot.autoconfigure.batch.BatchProperties] is not eligible for getting processed by all BeanPostProcessors (for example: not eligible for auto-proxying). Is this bean getting eagerly injected into a currently created BeanPostProcessor [jobRegistryBeanPostProcessor]? Check the corresponding BeanPostProcessor declaration and its dependencies.
2026-02-22T12:19:19.531+05:30  WARN 45793 --- [springbatch-demo] [           main] trationDelegate$BeanPostProcessorChecker : Bean 'org.springframework.boot.autoconfigure.batch.BatchAutoConfiguration$SpringBootBatchConfiguration' of type [org.springframework.boot.autoconfigure.batch.BatchAutoConfiguration$SpringBootBatchConfiguration] is not eligible for getting processed by all BeanPostProcessors (for example: not eligible for auto-proxying). The currently created BeanPostProcessor [jobRegistryBeanPostProcessor] is declared through a non-static factory method on that class; consider declaring it as static instead.
2026-02-22T12:19:19.565+05:30  INFO 45793 --- [springbatch-demo] [           main] com.zaxxer.hikari.HikariDataSource       : HikariPool-1 - Starting...
2026-02-22T12:19:19.839+05:30  INFO 45793 --- [springbatch-demo] [           main] com.zaxxer.hikari.pool.HikariPool        : HikariPool-1 - Added connection conn0: url=jdbc:h2:mem:testdb user=SA
2026-02-22T12:19:19.841+05:30  INFO 45793 --- [springbatch-demo] [           main] com.zaxxer.hikari.HikariDataSource       : HikariPool-1 - Start completed.
2026-02-22T12:19:19.964+05:30  INFO 45793 --- [springbatch-demo] [           main] c.e.s.config.UpsertSqlProvider           : Detected database dialect: H2
2026-02-22T12:19:19.967+05:30  INFO 45793 --- [springbatch-demo] [           main] c.e.s.job.OrderItemReaderFactory         : Using local file: src/test/resources/test_orders.csv
2026-02-22T12:19:19.968+05:30  INFO 45793 --- [springbatch-demo] [           main] c.e.s.job.OrderItemReaderFactory         : Reading order data from: file [/Volumes/Work/Workspace/springbatch-demo/src/test/resources/test_orders.csv]
2026-02-22T12:19:20.357+05:30  INFO 45793 --- [springbatch-demo] [           main] c.e.s.OrderETLJobIntegrationTest         : Started OrderETLJobIntegrationTest in 2.055 seconds (process running for 3.006)
2026-02-22T12:19:20.361+05:30  INFO 45793 --- [springbatch-demo] [           main] o.s.b.a.b.JobLauncherApplicationRunner   : Running default command line with: []
2026-02-22T12:19:20.410+05:30  INFO 45793 --- [springbatch-demo] [           main] o.s.b.c.l.support.SimpleJobLauncher      : Job: [SimpleJob: [name=orderETLJob]] launched with the following parameters: [{'run.id':'{value=1, type=class java.lang.Long, identifying=true}'}]
2026-02-22T12:19:20.441+05:30  INFO 45793 --- [springbatch-demo] [           main] c.e.s.listener.ETLJobExecutionListener   : === Job [orderETLJob] STARTING ===
2026-02-22T12:19:20.456+05:30  INFO 45793 --- [springbatch-demo] [           main] o.s.batch.core.job.SimpleStepHandler     : Executing step: [orderETLStep]
2026-02-22T12:19:20.525+05:30 DEBUG 45793 --- [springbatch-demo] [           main] c.e.s.job.OrderDataCompositeItemWriter   : Writing chunk of 5 composite items
2026-02-22T12:19:20.532+05:30 DEBUG 45793 --- [springbatch-demo] [           main] c.e.s.job.OrderDataCompositeItemWriter   : Upserted 3 unique customers
2026-02-22T12:19:20.538+05:30 DEBUG 45793 --- [springbatch-demo] [           main] c.e.s.job.OrderDataCompositeItemWriter   : Upserted 4 unique orders
2026-02-22T12:19:20.542+05:30 DEBUG 45793 --- [springbatch-demo] [           main] c.e.s.job.OrderDataCompositeItemWriter   : Upserted 5 transactions
2026-02-22T12:19:20.547+05:30  INFO 45793 --- [springbatch-demo] [           main] o.s.batch.core.step.AbstractStep         : Step: [orderETLStep] executed in 89ms
2026-02-22T12:19:20.550+05:30  INFO 45793 --- [springbatch-demo] [           main] c.e.s.listener.ETLJobExecutionListener   : Step [orderETLStep] — read=5, written=5, filtered=0, skipped=0, commitCount=1
2026-02-22T12:19:20.551+05:30  INFO 45793 --- [springbatch-demo] [           main] c.e.s.listener.ETLJobExecutionListener   : === Job [orderETLJob] COMPLETED in PT0.11948S ===
2026-02-22T12:19:20.557+05:30  INFO 45793 --- [springbatch-demo] [           main] o.s.b.c.l.support.SimpleJobLauncher      : Job: [SimpleJob: [name=orderETLJob]] completed with the following parameters: [{'run.id':'{value=1, type=class java.lang.Long, identifying=true}'}] and the following status: [COMPLETED] in 119ms
2026-02-22T12:19:21.308+05:30  INFO 45793 --- [springbatch-demo] [           main] o.s.b.c.l.support.SimpleJobLauncher      : Job: [SimpleJob: [name=orderETLJob]] launched with the following parameters: [{'random':'{value=7687017038403159974, type=class java.lang.Long, identifying=true}'}]
2026-02-22T12:19:21.310+05:30  INFO 45793 --- [springbatch-demo] [           main] c.e.s.listener.ETLJobExecutionListener   : === Job [orderETLJob] STARTING ===
2026-02-22T12:19:21.313+05:30  INFO 45793 --- [springbatch-demo] [           main] o.s.batch.core.job.SimpleStepHandler     : Executing step: [orderETLStep]
2026-02-22T12:19:21.320+05:30 DEBUG 45793 --- [springbatch-demo] [           main] c.e.s.job.OrderDataCompositeItemWriter   : Writing chunk of 5 composite items
2026-02-22T12:19:21.321+05:30 DEBUG 45793 --- [springbatch-demo] [           main] c.e.s.job.OrderDataCompositeItemWriter   : Upserted 3 unique customers
2026-02-22T12:19:21.324+05:30 DEBUG 45793 --- [springbatch-demo] [           main] c.e.s.job.OrderDataCompositeItemWriter   : Upserted 4 unique orders
2026-02-22T12:19:21.327+05:30 DEBUG 45793 --- [springbatch-demo] [           main] c.e.s.job.OrderDataCompositeItemWriter   : Upserted 5 transactions
2026-02-22T12:19:21.330+05:30  INFO 45793 --- [springbatch-demo] [           main] o.s.batch.core.step.AbstractStep         : Step: [orderETLStep] executed in 17ms
2026-02-22T12:19:21.332+05:30  INFO 45793 --- [springbatch-demo] [           main] c.e.s.listener.ETLJobExecutionListener   : Step [orderETLStep] — read=5, written=5, filtered=0, skipped=0, commitCount=1
2026-02-22T12:19:21.333+05:30  INFO 45793 --- [springbatch-demo] [           main] c.e.s.listener.ETLJobExecutionListener   : === Job [orderETLJob] COMPLETED in PT0.023574S ===
2026-02-22T12:19:21.334+05:30  INFO 45793 --- [springbatch-demo] [           main] o.s.b.c.l.support.SimpleJobLauncher      : Job: [SimpleJob: [name=orderETLJob]] completed with the following parameters: [{'random':'{value=7687017038403159974, type=class java.lang.Long, identifying=true}'}] and the following status: [COMPLETED] in 23ms
]]></system-out>
  </testcase>
  <testcase name="shouldHandleDuplicateCustomerGracefully" classname="com.example.springbatchdemo.OrderETLJobIntegrationTest" time="0.068">
    <system-out><![CDATA[2026-02-22T12:19:21.400+05:30  INFO 45793 --- [springbatch-demo] [           main] o.s.b.c.l.support.SimpleJobLauncher      : Job: [SimpleJob: [name=orderETLJob]] launched with the following parameters: [{'random':'{value=-1557145536071763410, type=class java.lang.Long, identifying=true}'}]
2026-02-22T12:19:21.403+05:30  INFO 45793 --- [springbatch-demo] [           main] c.e.s.listener.ETLJobExecutionListener   : === Job [orderETLJob] STARTING ===
2026-02-22T12:19:21.407+05:30  INFO 45793 --- [springbatch-demo] [           main] o.s.batch.core.job.SimpleStepHandler     : Executing step: [orderETLStep]
2026-02-22T12:19:21.413+05:30 DEBUG 45793 --- [springbatch-demo] [           main] c.e.s.job.OrderDataCompositeItemWriter   : Writing chunk of 5 composite items
2026-02-22T12:19:21.415+05:30 DEBUG 45793 --- [springbatch-demo] [           main] c.e.s.job.OrderDataCompositeItemWriter   : Upserted 3 unique customers
2026-02-22T12:19:21.418+05:30 DEBUG 45793 --- [springbatch-demo] [           main] c.e.s.job.OrderDataCompositeItemWriter   : Upserted 4 unique orders
2026-02-22T12:19:21.421+05:30 DEBUG 45793 --- [springbatch-demo] [           main] c.e.s.job.OrderDataCompositeItemWriter   : Upserted 5 transactions
2026-02-22T12:19:21.424+05:30  INFO 45793 --- [springbatch-demo] [           main] o.s.batch.core.step.AbstractStep         : Step: [orderETLStep] executed in 16ms
2026-02-22T12:19:21.426+05:30  INFO 45793 --- [springbatch-demo] [           main] c.e.s.listener.ETLJobExecutionListener   : Step [orderETLStep] — read=5, written=5, filtered=0, skipped=0, commitCount=1
2026-02-22T12:19:21.426+05:30  INFO 45793 --- [springbatch-demo] [           main] c.e.s.listener.ETLJobExecutionListener   : === Job [orderETLJob] COMPLETED in PT0.02538S ===
2026-02-22T12:19:21.428+05:30  INFO 45793 --- [springbatch-demo] [           main] o.s.b.c.l.support.SimpleJobLauncher      : Job: [SimpleJob: [name=orderETLJob]] completed with the following parameters: [{'random':'{value=-1557145536071763410, type=class java.lang.Long, identifying=true}'}] and the following status: [COMPLETED] in 25ms
2026-02-22T12:19:21.432+05:30  INFO 45793 --- [springbatch-demo] [           main] o.s.b.c.l.support.SimpleJobLauncher      : Job: [SimpleJob: [name=orderETLJob]] launched with the following parameters: [{'random':'{value=-7702249677707598212, type=class java.lang.Long, identifying=true}'}]
2026-02-22T12:19:21.433+05:30  INFO 45793 --- [springbatch-demo] [           main] c.e.s.listener.ETLJobExecutionListener   : === Job [orderETLJob] STARTING ===
2026-02-22T12:19:21.437+05:30  INFO 45793 --- [springbatch-demo] [           main] o.s.batch.core.job.SimpleStepHandler     : Executing step: [orderETLStep]
2026-02-22T12:19:21.447+05:30 DEBUG 45793 --- [springbatch-demo] [           main] c.e.s.job.OrderDataCompositeItemWriter   : Writing chunk of 5 composite items
2026-02-22T12:19:21.448+05:30 DEBUG 45793 --- [springbatch-demo] [           main] c.e.s.job.OrderDataCompositeItemWriter   : Upserted 3 unique customers
2026-02-22T12:19:21.451+05:30 DEBUG 45793 --- [springbatch-demo] [           main] c.e.s.job.OrderDataCompositeItemWriter   : Upserted 4 unique orders
2026-02-22T12:19:21.454+05:30 DEBUG 45793 --- [springbatch-demo] [           main] c.e.s.job.OrderDataCompositeItemWriter   : Upserted 5 transactions
2026-02-22T12:19:21.457+05:30  INFO 45793 --- [springbatch-demo] [           main] o.s.batch.core.step.AbstractStep         : Step: [orderETLStep] executed in 19ms
2026-02-22T12:19:21.459+05:30  INFO 45793 --- [springbatch-demo] [           main] c.e.s.listener.ETLJobExecutionListener   : Step [orderETLStep] — read=5, written=5, filtered=0, skipped=0, commitCount=1
2026-02-22T12:19:21.459+05:30  INFO 45793 --- [springbatch-demo] [           main] c.e.s.listener.ETLJobExecutionListener   : === Job [orderETLJob] COMPLETED in PT0.026741S ===
2026-02-22T12:19:21.460+05:30  INFO 45793 --- [springbatch-demo] [           main] o.s.b.c.l.support.SimpleJobLauncher      : Job: [SimpleJob: [name=orderETLJob]] completed with the following parameters: [{'random':'{value=-7702249677707598212, type=class java.lang.Long, identifying=true}'}] and the following status: [COMPLETED] in 26ms
]]></system-out>
  </testcase>
</testsuite>